2022-03-25 14:38:10 info: =================================
2022-03-25 14:38:10 info: ======= ENV: development =======
2022-03-25 14:38:10 info: 🚀 App listening on the port 5000
2022-03-25 14:38:10 info: =================================
2022-03-25 14:38:55 info: [0mGET / [32m200[0m 5.056 ms - 11[0m
2022-03-25 14:38:55 info: [0mGET /favicon.ico [33m404[0m 2.019 ms - 150[0m
2022-03-25 14:49:45 info: =================================
2022-03-25 14:49:45 info: ======= ENV: development =======
2022-03-25 14:49:45 info: 🚀 App listening on the port 5000
2022-03-25 14:49:45 info: =================================
2022-03-25 14:59:44 info: =================================
2022-03-25 14:59:44 info: ======= ENV: development =======
2022-03-25 14:59:44 info: 🚀 App listening on the port 5000
2022-03-25 14:59:44 info: =================================
2022-03-25 18:04:12 info: =================================
2022-03-25 18:04:12 info: ======= ENV: development =======
2022-03-25 18:04:12 info: 🚀 App listening on the port 5000
2022-03-25 18:04:12 info: =================================
2022-03-25 18:04:33 info: =================================
2022-03-25 18:04:33 info: ======= ENV: development =======
2022-03-25 18:04:33 info: 🚀 App listening on the port 5000
2022-03-25 18:04:33 info: =================================
2022-03-25 18:05:30 info: =================================
2022-03-25 18:05:30 info: ======= ENV: development =======
2022-03-25 18:05:30 info: 🚀 App listening on the port 5000
2022-03-25 18:05:30 info: =================================
2022-03-25 18:15:53 info: =================================
2022-03-25 18:15:53 info: ======= ENV: development =======
2022-03-25 18:15:53 info: 🚀 App listening on the port 5000
2022-03-25 18:15:53 info: =================================
2022-03-25 18:16:16 info: =================================
2022-03-25 18:16:16 info: ======= ENV: development =======
2022-03-25 18:16:16 info: 🚀 App listening on the port 5000
2022-03-25 18:16:16 info: =================================
2022-03-25 18:17:12 info: =================================
2022-03-25 18:17:12 info: ======= ENV: development =======
2022-03-25 18:17:12 info: 🚀 App listening on the port 5000
2022-03-25 18:17:12 info: =================================
2022-03-25 18:38:20 info: =================================
2022-03-25 18:38:20 info: ======= ENV: development =======
2022-03-25 18:38:20 info: 🚀 App listening on the port 5000
2022-03-25 18:38:20 info: =================================
2022-03-25 18:39:34 info: =================================
2022-03-25 18:39:34 info: ======= ENV: development =======
2022-03-25 18:39:34 info: 🚀 App listening on the port 5000
2022-03-25 18:39:34 info: =================================
2022-03-25 19:56:25 info: =================================
2022-03-25 19:56:25 info: ======= ENV: development =======
2022-03-25 19:56:25 info: 🚀 App listening on the port 5000
2022-03-25 19:56:25 info: =================================
2022-03-25 21:09:13 info: =================================
2022-03-25 21:09:13 info: ======= ENV: development =======
2022-03-25 21:09:13 info: 🚀 App listening on the port 5000
2022-03-25 21:09:13 info: =================================
